<?xml version="1.0" encoding="UTF-8"?>
<!-- Generated by org.testng.reporters.JUnitReportReporter -->
<testsuite hostname="puhui" name="pu.hui.httpTest.TestSuiteByExcel" tests="1" failures="0" timestamp="16 Aug 2016 06:54:46 GMT" time="1.154" errors="0">
  <testcase name="testTestSuite" time="1.154" classname="pu.hui.httpTest.TestSuiteByExcel"/>
</testsuite> <!-- pu.hui.httpTest.TestSuiteByExcel -->
